<?xml version="1.0" encoding="UTF-8"?>
<!-- Generated by org.testng.reporters.JUnitXMLReporter -->
<testsuite ignored="21" hostname="DESKTOP-GQRGP5O" failures="1" tests="5" name="Test" time="370.336" errors="0" timestamp="2023-07-29T11:35:44 IST">
  <testcase classname="org.ecocrewFramework.NewUserLoginCompleteProfileTest" name="loginCompleteProfile" time="65.378">
    <failure type="org.openqa.selenium.NoSuchElementException" message="Can&amp;apos;t locate an element by this strategy: By.chained({By.xpath: //android.widget.Button[@content-desc=&amp;apos;OK&amp;apos;]})">
      <![CDATA[org.openqa.selenium.NoSuchElementException: Can't locate an element by this strategy: By.chained({By.xpath: //android.widget.Button[@content-desc='OK']})
at io.appium.java_client.pagefactory.AppiumElementLocator.findElement(AppiumElementLocator.java:125)
at io.appium.java_client.pagefactory.interceptors.InterceptorOfASingleElement.intercept(InterceptorOfASingleElement.java:59)
at org.openqa.selenium.remote.RemoteWebElement$$EnhancerByCGLIB$$d27c0df4.click(<generated>)
at org.ecocrew.pageobject.android.ProfilePage.updateProfile(ProfilePage.java:135)
at org.ecocrewFramework.NewUserLoginCompleteProfileTest.loginCompleteProfile(NewUserLoginCompleteProfileTest.java:38)
at java.base/java.util.ArrayList.forEach(ArrayList.java:1541)
Caused by: org.openqa.selenium.TimeoutException: Expected condition failed: waiting for io.appium.java_client.pagefactory.AppiumElementLocator$WaitingFunction@a2341c6 (tried for 1 second(s) with 500 milliseconds interval)
at org.openqa.selenium.support.ui.FluentWait.timeoutException(FluentWait.java:262)
at org.openqa.selenium.support.ui.FluentWait.until(FluentWait.java:230)
at io.appium.java_client.pagefactory.AppiumElementLocator.waitFor(AppiumElementLocator.java:98)
at io.appium.java_client.pagefactory.AppiumElementLocator.findElement(AppiumElementLocator.java:118)
... 32 more
Caused by: org.openqa.selenium.NoSuchElementException: Cannot locate an element using By.chained({By.xpath: //android.widget.Button[@content-desc='OK']})
For documentation on this error, please visit: https://www.selenium.dev/documentation/webdriver/troubleshooting/errors#no-such-element-exception
Build info: version: '4.10.0', revision: 'c14d967899'
System info: os.name: 'Windows 11', os.arch: 'amd64', os.version: '10.0', java.version: '11.0.18'
Driver info: driver.version: RemoteWebDriver
at io.appium.java_client.pagefactory.bys.builder.ByChained.findElement(ByChained.java:77)
at org.openqa.selenium.remote.ElementLocation$ElementFinder$1.findElement(ElementLocation.java:139)
at org.openqa.selenium.remote.ElementLocation.findElement(ElementLocation.java:59)
at org.openqa.selenium.remote.RemoteWebDriver.findElement(RemoteWebDriver.java:350)
at org.openqa.selenium.remote.RemoteWebDriver.findElement(RemoteWebDriver.java:344)
at io.appium.java_client.pagefactory.bys.ContentMappedBy.findElement(ContentMappedBy.java:50)
at org.openqa.selenium.remote.ElementLocation$ElementFinder$1.findElement(ElementLocation.java:139)
at org.openqa.selenium.remote.ElementLocation.findElement(ElementLocation.java:59)
at org.openqa.selenium.remote.RemoteWebDriver.findElement(RemoteWebDriver.java:350)
at org.openqa.selenium.remote.RemoteWebDriver.findElement(RemoteWebDriver.java:344)
at io.appium.java_client.pagefactory.AppiumElementLocator.lambda$findElement$0(AppiumElementLocator.java:119)
at io.appium.java_client.pagefactory.AppiumElementLocator$WaitingFunction.apply(AppiumElementLocator.java:171)
at io.appium.java_client.pagefactory.AppiumElementLocator$WaitingFunction.apply(AppiumElementLocator.java:164)
at org.openqa.selenium.support.ui.FluentWait.until(FluentWait.java:205)
... 34 more
... Removed 27 stack frames]]>
    </failure>
  </testcase> <!-- loginCompleteProfile -->
  <testcase classname="org.ecocrewFramework.RaisePickupRequestTest" name="raisePickupRequest" time="98.384"/>
  <testcase classname="org.ecocrewFramework.ErrorValidationTest" name="loginErrorValidation" time="12.884"/>
  <testcase classname="org.ecocrewFramework.RegisterYourBusinessTest" name="registerYourBusiness" time="75.434"/>
  <testcase classname="org.ecocrewFramework.CompleteYourProfileTest" name="completeProfile" time="49.56"/>
  <testcase classname="org.ecocrewFramework.B2BOrderTest" name="b2bPickupRequest" time="0.0">
    <ignored/>
  </testcase> <!-- b2bPickupRequest -->
  <testcase classname="org.ecocrewFramework.RaiseContributionErrorValidationTest" name="raiseContributionTimeError" time="0.0">
    <ignored/>
  </testcase> <!-- raiseContributionTimeError -->
  <testcase classname="org.ecocrewFramework.ErrorValidationTest" name="profileScreenValidation" time="0.0">
    <ignored/>
  </testcase> <!-- profileScreenValidation -->
  <testcase classname="org.ecocrewFramework.AccountSettingTest" name="accountSetting" time="0.0">
    <ignored/>
  </testcase> <!-- accountSetting -->
  <testcase classname="org.ecocrewFramework.RaiseContributionErrorValidationTest" name="moneyAcceptanceErrorValidation" time="0.0">
    <ignored/>
  </testcase> <!-- moneyAcceptanceErrorValidation -->
  <testcase classname="org.ecocrewFramework.RaiseContributionErrorValidationTest" name="pickupAddressErrorValidation" time="0.0">
    <ignored/>
  </testcase> <!-- pickupAddressErrorValidation -->
  <testcase classname="org.ecocrewFramework.DeleteAddressTest" name="deleteAddress" time="0.0">
    <ignored/>
  </testcase> <!-- deleteAddress -->
  <testcase classname="org.ecocrewFramework.EditOrderDetailsTest" name="CancelPickupOrder" time="0.0">
    <ignored/>
  </testcase> <!-- CancelPickupOrder -->
  <testcase classname="org.ecocrewFramework.savedAddressesTest" name="useThisAddress" time="0.0">
    <ignored/>
  </testcase> <!-- useThisAddress -->
  <testcase classname="org.ecocrewFramework.pickupAddressErrorValidationTest" name="addressErrorValidation" time="0.0">
    <ignored/>
  </testcase> <!-- addressErrorValidation -->
  <testcase classname="org.ecocrewFramework.ViewOrderDetailsTest" name="veiwOrderDetailsVerification" time="0.0">
    <ignored/>
  </testcase> <!-- veiwOrderDetailsVerification -->
  <testcase classname="org.ecocrewFramework.ErrorValidationTest" name="otpErrorValidation" time="0.0">
    <ignored/>
  </testcase> <!-- otpErrorValidation -->
  <testcase classname="org.ecocrewFramework.CancelPickupOrderTest" name="CancelPickupOrder" time="0.0">
    <ignored/>
  </testcase> <!-- CancelPickupOrder -->
  <testcase classname="org.ecocrewFramework.NewUserLoginIncompleteProfileTest" name="loginInCompleteProfile" time="0.0">
    <ignored/>
  </testcase> <!-- loginInCompleteProfile -->
  <testcase classname="org.ecocrewFramework.EditAddressTest" name="EditAddressHome" time="0.0">
    <ignored/>
  </testcase> <!-- EditAddressHome -->
  <testcase classname="org.ecocrewFramework.RaiseContributionErrorValidationTest" name="raiseContributionDateError" time="0.0">
    <ignored/>
  </testcase> <!-- raiseContributionDateError -->
  <testcase classname="org.ecocrewFramework.admin.RegisterYourBusinessAdminTest" name="registerBusinessActive" time="0.0">
    <ignored/>
  </testcase> <!-- registerBusinessActive -->
  <testcase classname="org.ecocrewFramework.DiscardProfileTest" name="discardProfile" time="0.0">
    <ignored/>
  </testcase> <!-- discardProfile -->
  <testcase classname="org.ecocrewFramework.B2BOrderRecurringTest" name="b2bRecurringOrder" time="0.0">
    <ignored/>
  </testcase> <!-- b2bRecurringOrder -->
  <testcase classname="org.ecocrewFramework.admin.BusinessOrderDetailsTest" name="businessEveryDayVerification" time="0.0">
    <ignored/>
  </testcase> <!-- businessEveryDayVerification -->
  <testcase classname="org.ecocrewFramework.ExistingUserTest" name="login" time="0.0">
    <ignored/>
  </testcase> <!-- login -->
</testsuite> <!-- Test -->
